<?xml version="1.0" encoding="UTF-8"?>
<!-- Generated by org.testng.reporters.JUnitReportReporter -->
<testsuite hostname="DESKTOP-8PB9TF0" failures="0" tests="1" name="test.Login" time="0.126" errors="0" timestamp="2025-06-20T19:48:46 IST" skipped="0">
  <testcase classname="test.Login" name="testValidLogin" time="0.126"/>
</testsuite> <!-- test.Login -->
