<?xml version="1.0" encoding="UTF-8"?>
<!-- Generated by org.testng.reporters.JUnitReportReporter -->
<testsuite hostname="DESKTOP-8PB9TF0" failures="0" tests="1" name="test.Login" time="0.172" errors="0" timestamp="2025-06-14T22:52:18 IST" skipped="0">
  <testcase classname="test.Login" name="testValidLogin" time="0.172"/>
</testsuite> <!-- test.Login -->
